-encoding
UTF-8
-outxml
-source
1.6
-target
1.6
-classpath
C:\Users\Ibm\.m2\repository\antlr\antlr\2.7.7\antlr-2.7.7.jar;C:\Users\Ibm\.m2\repository\aopalliance\aopalliance\1.0\aopalliance-1.0.jar;C:\Users\Ibm\.m2\repository\asm\asm\3.1\asm-3.1.jar;C:\Users\Ibm\.m2\repository\backport-util-concurrent\backport-util-concurrent\3.1\backport-util-concurrent-3.1.jar;C:\Users\Ibm\.m2\repository\c3p0\c3p0\0.9.1.2\c3p0-0.9.1.2.jar;C:\Users\Ibm\.m2\repository\cglib\cglib\2.2\cglib-2.2.jar;C:\Users\Ibm\.m2\repository\com\fasterxml\jackson\core\jackson-annotations\2.2.3\jackson-annotations-2.2.3.jar;C:\Users\Ibm\.m2\repository\com\fasterxml\jackson\core\jackson-core\2.2.3\jackson-core-2.2.3.jar;C:\Users\Ibm\.m2\repository\com\fasterxml\jackson\core\jackson-databind\2.2.3\jackson-databind-2.2.3.jar;C:\Users\Ibm\.m2\repository\com\google\code\findbugs\jsr305\1.3.9\jsr305-1.3.9.jar;C:\Users\Ibm\.m2\repository\com\google\code\gson\gson\2.2.2\gson-2.2.2.jar;C:\Users\Ibm\.m2\repository\com\google\guava\guava\14.0\guava-14.0.jar;C:\Users\Ibm\.m2\repository\com\google\http-client\google-http-client\1.17.0-rc\google-http-client-1.17.0-rc.jar;C:\Users\Ibm\.m2\repository\com\googlecode\json-simple\json-simple\1.1.1\json-simple-1.1.1.jar;C:\Users\Ibm\.m2\repository\com\h2database\h2\1.3.152\h2-1.3.152.jar;C:\Users\Ibm\.m2\repository\com\infradna\tool\bridge-method-annotation\1.11\bridge-method-annotation-1.11.jar;C:\Users\Ibm\.m2\repository\com\itextpdf\itextpdf\5.5.6\itextpdf-5.5.6.jar;C:\Users\Ibm\.m2\repository\com\maxmind\db\maxmind-db\0.3.1\maxmind-db-0.3.1.jar;C:\Users\Ibm\.m2\repository\com\maxmind\geoip2\geoip2\0.7.0\geoip2-0.7.0.jar;C:\Users\Ibm\.m2\repository\com\mysema\commons\mysema-commons-lang\0.2.4\mysema-commons-lang-0.2.4.jar;C:\Users\Ibm\.m2\repository\com\mysema\querydsl\querydsl-core\3.4.2\querydsl-core-3.4.2.jar;C:\Users\Ibm\.m2\repository\com\mysema\querydsl\querydsl-jpa\3.4.2\querydsl-jpa-3.4.2.jar;C:\Users\Ibm\.m2\repository\com\paypal\sdk\merchantsdk\2.6.109\merchantsdk-2.6.109.jar;C:\Users\Ibm\.m2\repository\com\paypal\sdk\paypal-core\1.5.1\paypal-core-1.5.1.jar;C:\Users\Ibm\.m2\repository\com\shopizer\shopizer-shipping-canadapost-module\0.0.1\shopizer-shipping-canadapost-module-0.0.1.jar;C:\Users\Ibm\git\shopizer\shopizer\sm-core\target\sm-core-2.0.2-SNAPSHOT.jar;C:\Users\Ibm\git\shopizer\shopizer\sm-core-model\target\sm-core-model-2.0.2-SNAPSHOT.jar;C:\Users\Ibm\git\shopizer\shopizer\sm-core-modules\target\sm-core-modules-2.0.2-SNAPSHOT.jar;C:\Users\Ibm\.m2\repository\com\shopizer\sm-search\0.0.4\sm-search-0.0.4.jar;C:\Users\Ibm\.m2\repository\com\spatial4j\spatial4j\0.3\spatial4j-0.3.jar;C:\Users\Ibm\.m2\repository\com\sun\jersey\jersey-bundle\1.19\jersey-bundle-1.19.jar;C:\Users\Ibm\.m2\repository\com\sun\xml\bind\jaxb-impl\2.1.3\jaxb-impl-2.1.3.jar;C:\Users\Ibm\.m2\repository\com\thoughtworks\xstream\xstream\1.4.1\xstream-1.4.1.jar;C:\Users\Ibm\.m2\repository\commons-beanutils\commons-beanutils\1.8.3\commons-beanutils-1.8.3.jar;C:\Users\Ibm\.m2\repository\commons-beanutils\commons-beanutils-core\1.8.0\commons-beanutils-core-1.8.0.jar;C:\Users\Ibm\.m2\repository\commons-codec\commons-codec\1.2\commons-codec-1.2.jar;C:\Users\Ibm\.m2\repository\commons-collections\commons-collections\3.2.1\commons-collections-3.2.1.jar;C:\Users\Ibm\.m2\repository\commons-configuration\commons-configuration\1.6\commons-configuration-1.6.jar;C:\Users\Ibm\.m2\repository\commons-digester\commons-digester\1.8\commons-digester-1.8.jar;C:\Users\Ibm\.m2\repository\commons-fileupload\commons-fileupload\1.2.2\commons-fileupload-1.2.2.jar;C:\Users\Ibm\.m2\repository\commons-httpclient\commons-httpclient\3.1\commons-httpclient-3.1.jar;C:\Users\Ibm\.m2\repository\commons-io\commons-io\2.0.1\commons-io-2.0.1.jar;C:\Users\Ibm\.m2\repository\commons-lang\commons-lang\2.6\commons-lang-2.6.jar;C:\Users\Ibm\.m2\repository\commons-logging\commons-logging\1.1.1\commons-logging-1.1.1.jar;C:\Users\Ibm\.m2\repository\commons-logging\commons-logging-api\1.1\commons-logging-api-1.1.jar;C:\Users\Ibm\.m2\repository\commons-validator\commons-validator\1.4.0\commons-validator-1.4.0.jar;C:\Users\Ibm\.m2\repository\dom4j\dom4j\1.6.1\dom4j-1.6.1.jar;C:\Users\Ibm\.m2\repository\javassist\javassist\3.3\javassist-3.3.jar;C:\Users\Ibm\.m2\repository\javax\activation\activation\1.1\activation-1.1.jar;C:\Users\Ibm\.m2\repository\javax\annotation\jsr250-api\1.0\jsr250-api-1.0.jar;C:\Users\Ibm\.m2\repository\javax\inject\javax.inject\1\javax.inject-1.jar;C:\Users\Ibm\.m2\repository\javax\mail\mail\1.4.5\mail-1.4.5.jar;C:\Users\Ibm\.m2\repository\javax\servlet\jstl\1.2\jstl-1.2.jar;C:\Users\Ibm\.m2\repository\javax\servlet\servlet-api\2.5\servlet-api-2.5.jar;C:\Users\Ibm\.m2\repository\javax\servlet\jsp\jsp-api\2.1\jsp-api-2.1.jar;C:\Users\Ibm\.m2\repository\javax\servlet\jsp\jstl\jstl-api\1.2\jstl-api-1.2.jar;C:\Users\Ibm\.m2\repository\javax\transaction\jta\1.1\jta-1.1.jar;C:\Users\Ibm\.m2\repository\javax\validation\validation-api\1.0.0.GA\validation-api-1.0.0.GA.jar;C:\Users\Ibm\.m2\repository\javax\ws\rs\jsr311-api\1.1.1\jsr311-api-1.1.1.jar;C:\Users\Ibm\.m2\repository\javax\xml\bind\jaxb-api\2.1\jaxb-api-2.1.jar;C:\Users\Ibm\.m2\repository\javax\xml\stream\stax-api\1.0-2\stax-api-1.0-2.jar;C:\Users\Ibm\.m2\repository\jdom\jdom\1.0\jdom-1.0.jar;C:\Users\Ibm\.m2\repository\jgroups\jgroups\2.6.13.GA\jgroups-2.6.13.GA.jar;C:\Users\Ibm\.m2\repository\joda-time\joda-time\2.0\joda-time-2.0.jar;C:\Users\Ibm\.m2\repository\junit\junit\4.8.2\junit-4.8.2.jar;C:\Users\Ibm\.m2\repository\log4j\log4j\1.2.16\log4j-1.2.16.jar;C:\Users\Ibm\.m2\repository\mysql\mysql-connector-java\5.1.31\mysql-connector-java-5.1.31.jar;C:\Users\Ibm\.m2\repository\net\java\dev\rome\rome\1.0.0\rome-1.0.0.jar;C:\Users\Ibm\.m2\repository\net\sf\ehcache\ehcache\1.5.0\ehcache-1.5.0.jar;C:\Users\Ibm\.m2\repository\net\sf\jsr107cache\jsr107cache\1.0\jsr107cache-1.0.jar;C:\Users\Ibm\.m2\repository\net\tanesha\recaptcha4j\recaptcha4j\0.0.7\recaptcha4j-0.0.7.jar;C:\Users\Ibm\.m2\repository\org\antlr\antlr\3.3\antlr-3.3.jar;C:\Users\Ibm\.m2\repository\org\antlr\antlr-runtime\3.3\antlr-runtime-3.3.jar;C:\Users\Ibm\.m2\repository\org\antlr\stringtemplate\3.2.1\stringtemplate-3.2.1.jar;C:\Users\Ibm\.m2\repository\org\apache\commons\commons-lang3\3.0\commons-lang3-3.0.jar;C:\Users\Ibm\.m2\repository\org\apache\httpcomponents\httpclient\4.4\httpclient-4.4.jar;C:\Users\Ibm\.m2\repository\org\apache\httpcomponents\httpcore\4.4\httpcore-4.4.jar;C:\Users\Ibm\.m2\repository\org\apache\lucene\lucene-analyzers-common\4.3.1\lucene-analyzers-common-4.3.1.jar;C:\Users\Ibm\.m2\repository\org\apache\lucene\lucene-codecs\4.3.1\lucene-codecs-4.3.1.jar;C:\Users\Ibm\.m2\repository\org\apache\lucene\lucene-core\4.3.1\lucene-core-4.3.1.jar;C:\Users\Ibm\.m2\repository\org\apache\lucene\lucene-grouping\4.3.1\lucene-grouping-4.3.1.jar;C:\Users\Ibm\.m2\repository\org\apache\lucene\lucene-highlighter\4.3.1\lucene-highlighter-4.3.1.jar;C:\Users\Ibm\.m2\repository\org\apache\lucene\lucene-join\4.3.1\lucene-join-4.3.1.jar;C:\Users\Ibm\.m2\repository\org\apache\lucene\lucene-memory\4.3.1\lucene-memory-4.3.1.jar;C:\Users\Ibm\.m2\repository\org\apache\lucene\lucene-queries\4.3.1\lucene-queries-4.3.1.jar;C:\Users\Ibm\.m2\repository\org\apache\lucene\lucene-queryparser\4.3.1\lucene-queryparser-4.3.1.jar;C:\Users\Ibm\.m2\repository\org\apache\lucene\lucene-sandbox\4.3.1\lucene-sandbox-4.3.1.jar;C:\Users\Ibm\.m2\repository\org\apache\lucene\lucene-spatial\4.3.1\lucene-spatial-4.3.1.jar;C:\Users\Ibm\.m2\repository\org\apache\lucene\lucene-suggest\4.3.1\lucene-suggest-4.3.1.jar;C:\Users\Ibm\.m2\repository\org\apache\poi\poi\3.9\poi-3.9.jar;C:\Users\Ibm\.m2\repository\org\apache\poi\poi-ooxml\3.9\poi-ooxml-3.9.jar;C:\Users\Ibm\.m2\repository\org\apache\poi\poi-ooxml-schemas\3.9\poi-ooxml-schemas-3.9.jar;C:\Users\Ibm\.m2\repository\org\apache\tiles\tiles-api\2.1.2\tiles-api-2.1.2.jar;C:\Users\Ibm\.m2\repository\org\apache\tiles\tiles-core\2.1.2\tiles-core-2.1.2.jar;C:\Users\Ibm\.m2\repository\org\apache\tiles\tiles-jsp\2.1.2\tiles-jsp-2.1.2.jar;C:\Users\Ibm\.m2\repository\org\apache\tiles\tiles-servlet\2.1.2\tiles-servlet-2.1.2.jar;C:\Users\Ibm\.m2\repository\org\apache\xmlbeans\xmlbeans\2.3.0\xmlbeans-2.3.0.jar;C:\Users\Ibm\.m2\repository\org\aspectj\aspectjrt\1.6.10\aspectjrt-1.6.10.jar;C:\Users\Ibm\.m2\repository\org\aspectj\aspectjweaver\1.5.4\aspectjweaver-1.5.4.jar;C:\Users\Ibm\.m2\repository\org\codehaus\jackson\jackson-core-asl\1.9.13\jackson-core-asl-1.9.13.jar;C:\Users\Ibm\.m2\repository\org\codehaus\jackson\jackson-mapper-asl\1.9.13\jackson-mapper-asl-1.9.13.jar;C:\Users\Ibm\.m2\repository\org\codehaus\woodstox\stax2-api\3.1.1\stax2-api-3.1.1.jar;C:\Users\Ibm\.m2\repository\org\codehaus\woodstox\woodstox-core-asl\4.1.1\woodstox-core-asl-4.1.1.jar;C:\Users\Ibm\.m2\repository\org\drools\drools-compiler\5.6.0.Final\drools-compiler-5.6.0.Final.jar;C:\Users\Ibm\.m2\repository\org\drools\drools-core\5.6.0.Final\drools-core-5.6.0.Final.jar;C:\Users\Ibm\.m2\repository\org\drools\drools-decisiontables\5.6.0.Final\drools-decisiontables-5.6.0.Final.jar;C:\Users\Ibm\.m2\repository\org\drools\drools-spring\5.6.0.Final\drools-spring-5.6.0.Final.jar;C:\Users\Ibm\.m2\repository\org\drools\drools-templates\5.6.0.Final\drools-templates-5.6.0.Final.jar;C:\Users\Ibm\.m2\repository\org\drools\knowledge-api\5.6.0.Final\knowledge-api-5.6.0.Final.jar;C:\Users\Ibm\.m2\repository\org\drools\knowledge-internal-api\5.6.0.Final\knowledge-internal-api-5.6.0.Final.jar;C:\Users\Ibm\.m2\repository\org\eclipse\jdt\core\compiler\ecj\3.5.1\ecj-3.5.1.jar;C:\Users\Ibm\.m2\repository\org\elasticsearch\elasticsearch\0.90.2\elasticsearch-0.90.2.jar;C:\Users\Ibm\.m2\repository\org\freemarker\freemarker\2.3.19\freemarker-2.3.19.jar;C:\Users\Ibm\.m2\repository\org\glassfish\web\jstl-impl\1.2\jstl-impl-1.2.jar;C:\Users\Ibm\.m2\repository\org\hibernate\hibernate-core\4.1.2\hibernate-core-4.1.2.jar;C:\Users\Ibm\.m2\repository\org\hibernate\hibernate-ehcache\3.5.1-Final\hibernate-ehcache-3.5.1-Final.jar;C:\Users\Ibm\.m2\repository\org\hibernate\hibernate-entitymanager\4.1.2\hibernate-entitymanager-4.1.2.jar;C:\Users\Ibm\.m2\repository\org\hibernate\hibernate-validator\4.1.0.Final\hibernate-validator-4.1.0.Final.jar;C:\Users\Ibm\.m2\repository\org\hibernate\common\hibernate-commons-annotations\4.0.1.Final\hibernate-commons-annotations-4.0.1.Final.jar;C:\Users\Ibm\.m2\repository\org\hibernate\javax\persistence\hibernate-jpa-2.0-api\1.0.1.Final\hibernate-jpa-2.0-api-1.0.1.Final.jar;C:\Users\Ibm\.m2\repository\org\infinispan\infinispan-cachestore-jdbc\5.1.4.FINAL\infinispan-cachestore-jdbc-5.1.4.FINAL.jar;C:\Users\Ibm\.m2\repository\org\infinispan\infinispan-core\5.1.6.FINAL\infinispan-core-5.1.6.FINAL.jar;C:\Users\Ibm\.m2\repository\org\infinispan\infinispan-tree\5.1.6.FINAL\infinispan-tree-5.1.6.FINAL.jar;C:\Users\Ibm\.m2\repository\org\jadira\usertype\usertype.core\3.0.0.CR1\usertype.core-3.0.0.CR1.jar;C:\Users\Ibm\.m2\repository\org\jadira\usertype\usertype.spi\3.0.0.CR1\usertype.spi-3.0.0.CR1.jar;C:\Users\Ibm\.m2\repository\org\jboss\jboss-common-core\2.2.14.GA\jboss-common-core-2.2.14.GA.jar;C:\Users\Ibm\.m2\repository\org\jboss\cache\jbosscache-core\3.2.5.GA\jbosscache-core-3.2.5.GA.jar;C:\Users\Ibm\.m2\repository\org\jboss\javaee\jboss-transaction-api\1.0.1.GA\jboss-transaction-api-1.0.1.GA.jar;C:\Users\Ibm\.m2\repository\org\jboss\logging\jboss-logging\3.1.0.GA\jboss-logging-3.1.0.GA.jar;C:\Users\Ibm\.m2\repository\org\jboss\logging\jboss-logging-spi\2.0.5.GA\jboss-logging-spi-2.0.5.GA.jar;C:\Users\Ibm\.m2\repository\org\jboss\marshalling\jboss-marshalling\1.3.11.GA\jboss-marshalling-1.3.11.GA.jar;C:\Users\Ibm\.m2\repository\org\jboss\marshalling\jboss-marshalling-river\1.3.11.GA\jboss-marshalling-river-1.3.11.GA.jar;C:\Users\Ibm\.m2\repository\org\jboss\spec\javax\transaction\jboss-transaction-api_1.1_spec\1.0.0.Final\jboss-transaction-api_1.1_spec-1.0.0.Final.jar;C:\Users\Ibm\.m2\repository\org\jgroups\jgroups\3.0.11.Final\jgroups-3.0.11.Final.jar;C:\Users\Ibm\.m2\repository\org\joda\joda-money\0.6\joda-money-0.6.jar;C:\Users\Ibm\.m2\repository\org\jopendocument\jOpenDocument\1.3b1\jOpenDocument-1.3b1.jar;C:\Users\Ibm\.m2\repository\org\mvel\mvel2\2.1.8.Final\mvel2-2.1.8.Final.jar;C:\Users\Ibm\.m2\repository\org\rhq\helpers\rhq-pluginAnnotations\3.0.4\rhq-pluginAnnotations-3.0.4.jar;C:\Users\Ibm\.m2\repository\org\slf4j\jcl-over-slf4j\1.6.6\jcl-over-slf4j-1.6.6.jar;C:\Users\Ibm\.m2\repository\org\slf4j\slf4j-api\1.6.6\slf4j-api-1.6.6.jar;C:\Users\Ibm\.m2\repository\org\slf4j\slf4j-log4j12\1.6.6\slf4j-log4j12-1.6.6.jar;C:\Users\Ibm\.m2\repository\org\springframework\spring-aop\3.1.0.RELEASE\spring-aop-3.1.0.RELEASE.jar;C:\Users\Ibm\.m2\repository\org\springframework\spring-asm\3.1.0.RELEASE\spring-asm-3.1.0.RELEASE.jar;C:\Users\Ibm\.m2\repository\org\springframework\spring-aspects\3.1.0.RELEASE\spring-aspects-3.1.0.RELEASE.jar;C:\Users\Ibm\.m2\repository\org\springframework\spring-beans\3.1.0.RELEASE\spring-beans-3.1.0.RELEASE.jar;C:\Users\Ibm\.m2\repository\org\springframework\spring-context\3.1.0.RELEASE\spring-context-3.1.0.RELEASE.jar;C:\Users\Ibm\.m2\repository\org\springframework\spring-context-support\3.1.0.RELEASE\spring-context-support-3.1.0.RELEASE.jar;C:\Users\Ibm\.m2\repository\org\springframework\spring-core\3.1.0.RELEASE\spring-core-3.1.0.RELEASE.jar;C:\Users\Ibm\.m2\repository\org\springframework\spring-expression\3.1.0.RELEASE\spring-expression-3.1.0.RELEASE.jar;C:\Users\Ibm\.m2\repository\org\springframework\spring-jdbc\3.0.7.RELEASE\spring-jdbc-3.0.7.RELEASE.jar;C:\Users\Ibm\.m2\repository\org\springframework\spring-orm\3.1.0.RELEASE\spring-orm-3.1.0.RELEASE.jar;C:\Users\Ibm\.m2\repository\org\springframework\spring-test\3.1.0.RELEASE\spring-test-3.1.0.RELEASE.jar;C:\Users\Ibm\.m2\repository\org\springframework\spring-tx\3.1.0.RELEASE\spring-tx-3.1.0.RELEASE.jar;C:\Users\Ibm\.m2\repository\org\springframework\spring-web\3.1.0.RELEASE\spring-web-3.1.0.RELEASE.jar;C:\Users\Ibm\.m2\repository\org\springframework\spring-webmvc\3.1.0.RELEASE\spring-webmvc-3.1.0.RELEASE.jar;C:\Users\Ibm\.m2\repository\org\springframework\mobile\spring-mobile-device\1.1.0.RELEASE\spring-mobile-device-1.1.0.RELEASE.jar;C:\Users\Ibm\.m2\repository\org\springframework\security\spring-security-acl\3.1.4.RELEASE\spring-security-acl-3.1.4.RELEASE.jar;C:\Users\Ibm\.m2\repository\org\springframework\security\spring-security-config\3.1.4.RELEASE\spring-security-config-3.1.4.RELEASE.jar;C:\Users\Ibm\.m2\repository\org\springframework\security\spring-security-core\3.1.4.RELEASE\spring-security-core-3.1.4.RELEASE.jar;C:\Users\Ibm\.m2\repository\org\springframework\security\spring-security-taglibs\3.1.4.RELEASE\spring-security-taglibs-3.1.4.RELEASE.jar;C:\Users\Ibm\.m2\repository\org\springframework\security\spring-security-web\3.1.4.RELEASE\spring-security-web-3.1.4.RELEASE.jar;C:\Users\Ibm\.m2\repository\stax\stax-api\1.0.1\stax-api-1.0.1.jar;C:\Users\Ibm\.m2\repository\xmlpull\xmlpull\1.1.3.1\xmlpull-1.1.3.1.jar;C:\Users\Ibm\.m2\repository\xpp3\xpp3_min\1.1.4c\xpp3_min-1.1.4c.jar;C:\Users\Ibm\git\shopizer\shopizer\sm-shop\target\classes
-d
C:\Users\Ibm\git\shopizer\shopizer\sm-shop\target\classes
C:\Users\Ibm\git\shopizer\shopizer\sm-shop\src\main\java\com\salesmanager\web\utils\MerchantUtils.java
C:\Users\Ibm\git\shopizer\shopizer\sm-shop\src\main\java\com\salesmanager\web\admin\controller\products\ProductPriceController.java
C:\Users\Ibm\git\shopizer\shopizer\sm-shop\src\main\java\com\salesmanager\web\entity\customer\attribute\CustomerOption.java
C:\Users\Ibm\git\shopizer\shopizer\sm-shop\src\main\java\com\salesmanager\web\populator\customer\ReadableCustomerPopulator.java
C:\Users\Ibm\git\shopizer\shopizer\sm-shop\src\main\java\com\salesmanager\web\tags\ActiveLinkTag.java
C:\Users\Ibm\git\shopizer\shopizer\sm-shop\src\main\java\com\salesmanager\web\entity\ServiceEntity.java
C:\Users\Ibm\git\shopizer\shopizer\sm-shop\src\main\java\com\salesmanager\web\populator\order\ReadableOrderProductPopulator.java
C:\Users\Ibm\git\shopizer\shopizer\sm-shop\src\main\java\com\salesmanager\web\filter\AdminFilter.java
C:\Users\Ibm\git\shopizer\shopizer\sm-shop\src\main\java\com\salesmanager\web\populator\customer\PersistableCustomerOptionValuePopulator.java
C:\Users\Ibm\git\shopizer\shopizer\sm-shop\src\main\java\com\salesmanager\web\admin\controller\AdminController.java
C:\Users\Ibm\git\shopizer\shopizer\sm-shop\src\main\java\com\salesmanager\web\entity\customer\CustomerPassword.java
C:\Users\Ibm\git\shopizer\shopizer\sm-shop\src\main\java\com\salesmanager\web\admin\controller\configurations\SystemConfigurationController.java
C:\Users\Ibm\git\shopizer\shopizer\sm-shop\src\main\java\com\salesmanager\web\entity\order\ReadableShippingSummary.java
C:\Users\Ibm\git\shopizer\shopizer\sm-shop\src\main\java\com\salesmanager\web\entity\customer\SecuredCustomer.java
C:\Users\Ibm\git\shopizer\shopizer\sm-shop\src\main\java\com\salesmanager\web\entity\catalog\manufacturer\Manufacturer.java
C:\Users\Ibm\git\shopizer\shopizer\sm-shop\src\main\java\com\salesmanager\web\admin\controller\products\ProductsController.java
C:\Users\Ibm\git\shopizer\shopizer\sm-shop\src\main\java\com\salesmanager\web\admin\entity\web\ConfigListWrapper.java
C:\Users\Ibm\git\shopizer\shopizer\sm-shop\src\main\java\com\salesmanager\web\entity\customer\attribute\CustomerOptionValueEntity.java
C:\Users\Ibm\git\shopizer\shopizer\sm-shop\src\main\java\com\salesmanager\web\populator\catalog\ReadableProductPopulator.java
C:\Users\Ibm\git\shopizer\shopizer\sm-shop\src\main\java\com\salesmanager\web\entity\order\ReadableShopOrder.java
C:\Users\Ibm\git\shopizer\shopizer\sm-shop\src\main\java\com\salesmanager\web\entity\order\ReadableOrderList.java
C:\Users\Ibm\git\shopizer\shopizer\sm-shop\src\main\java\com\salesmanager\web\shop\controller\customer\CustomerLoginController.java
C:\Users\Ibm\git\shopizer\shopizer\sm-shop\src\main\java\com\salesmanager\web\populator\order\ReadableOrderTotalPopulator.java
C:\Users\Ibm\git\shopizer\shopizer\sm-shop\src\main\java\com\salesmanager\web\entity\catalog\product\attribute\ProductAttributeEntity.java
C:\Users\Ibm\git\shopizer\shopizer\sm-shop\src\main\java\com\salesmanager\web\entity\shop\Breadcrumb.java
C:\Users\Ibm\git\shopizer\shopizer\sm-shop\src\main\java\com\salesmanager\web\admin\security\UserAuthenticationSuccessHandler.java
C:\Users\Ibm\git\shopizer\shopizer\sm-shop\src\main\java\com\salesmanager\web\entity\shoppingcart\ShoppingCartAttribute.java
C:\Users\Ibm\git\shopizer\shopizer\sm-shop\src\main\java\com\salesmanager\web\images\ImagesController.java
C:\Users\Ibm\git\shopizer\shopizer\sm-shop\src\main\java\com\salesmanager\web\shop\controller\customer\CustomerDashboardController.java
C:\Users\Ibm\git\shopizer\shopizer\sm-shop\src\main\java\com\salesmanager\web\admin\entity\merchant\StoreLandingDescription.java
C:\Users\Ibm\git\shopizer\shopizer\sm-shop\src\main\java\com\salesmanager\web\entity\customer\CustomerEntity.java
C:\Users\Ibm\git\shopizer\shopizer\sm-shop\src\main\java\com\salesmanager\web\entity\catalog\product\ProductEntity.java
C:\Users\Ibm\git\shopizer\shopizer\sm-shop\src\main\java\com\salesmanager\web\shop\controller\store\ContactController.java
C:\Users\Ibm\git\shopizer\shopizer\sm-shop\src\main\java\com\salesmanager\web\admin\controller\products\FeaturedItemsController.java
C:\Users\Ibm\git\shopizer\shopizer\sm-shop\src\main\java\com\salesmanager\web\admin\controller\orders\OrderControler.java
C:\Users\Ibm\git\shopizer\shopizer\sm-shop\src\main\java\com\salesmanager\web\admin\entity\content\ProductImages.java
C:\Users\Ibm\git\shopizer\shopizer\sm-shop\src\main\java\com\salesmanager\web\admin\controller\merchant\MerchantStoreController.java
C:\Users\Ibm\git\shopizer\shopizer\sm-shop\src\main\java\com\salesmanager\web\shop\controller\AbstractController.java
C:\Users\Ibm\git\shopizer\shopizer\sm-shop\src\main\java\com\salesmanager\web\utils\DateUtil.java
C:\Users\Ibm\git\shopizer\shopizer\sm-shop\src\main\java\com\salesmanager\web\utils\AdminAccessDeniedHandler.java
C:\Users\Ibm\git\shopizer\shopizer\sm-shop\src\main\java\com\salesmanager\web\shop\controller\order\facade\OrderFacade.java
C:\Users\Ibm\git\shopizer\shopizer\sm-shop\src\main\java\com\salesmanager\web\utils\BeanUtils.java
C:\Users\Ibm\git\shopizer\shopizer\sm-shop\src\main\java\com\salesmanager\web\admin\controller\user\PermissionController.java
C:\Users\Ibm\git\shopizer\shopizer\sm-shop\src\main\java\com\salesmanager\web\entity\catalog\product\PersistableProductReview.java
C:\Users\Ibm\git\shopizer\shopizer\sm-shop\src\main\java\com\salesmanager\web\tags\StoreLogoUrlTag.java
C:\Users\Ibm\git\shopizer\shopizer\sm-shop\src\main\java\com\salesmanager\web\services\controller\category\ShoppingCategoryRESTController.java
C:\Users\Ibm\git\shopizer\shopizer\sm-shop\src\main\java\com\salesmanager\web\constants\EmailConstants.java
C:\Users\Ibm\git\shopizer\shopizer\sm-shop\src\main\java\com\salesmanager\web\populator\catalog\PersistableCategoryPopulator.java
C:\Users\Ibm\git\shopizer\shopizer\sm-shop\src\main\java\com\salesmanager\web\entity\catalog\product\ProductReviewEntity.java
C:\Users\Ibm\git\shopizer\shopizer\sm-shop\src\main\java\com\salesmanager\web\shop\controller\product\facade\ProductFacadeImpl.java
C:\Users\Ibm\git\shopizer\shopizer\sm-shop\src\main\java\com\salesmanager\web\tags\ShopProductRelationshipTag.java
C:\Users\Ibm\git\shopizer\shopizer\sm-shop\src\main\java\com\salesmanager\web\entity\customer\attribute\PersistableCustomerOptionValue.java
C:\Users\Ibm\git\shopizer\shopizer\sm-shop\src\main\java\com\salesmanager\web\entity\catalog\SearchProductList.java
C:\Users\Ibm\git\shopizer\shopizer\sm-shop\src\main\java\com\salesmanager\web\entity\catalog\manufacturer\PersistableManufacturer.java
C:\Users\Ibm\git\shopizer\shopizer\sm-shop\src\main\java\com\salesmanager\web\entity\catalog\product\ReadableProduct.java
C:\Users\Ibm\git\shopizer\shopizer\sm-shop\src\main\java\com\salesmanager\web\entity\catalog\category\PersistableCategory.java
C:\Users\Ibm\git\shopizer\shopizer\sm-shop\src\main\java\com\salesmanager\web\admin\entity\customer\attribute\CustomerOptionValue.java
C:\Users\Ibm\git\shopizer\shopizer\sm-shop\src\main\java\com\salesmanager\web\admin\controller\customers\CustomerOptionsController.java
C:\Users\Ibm\git\shopizer\shopizer\sm-shop\src\main\java\com\salesmanager\web\admin\controller\products\OptionsValueController.java
C:\Users\Ibm\git\shopizer\shopizer\sm-shop\src\main\java\com\salesmanager\web\entity\catalog\ReadableImage.java
C:\Users\Ibm\git\shopizer\shopizer\sm-shop\src\main\java\com\salesmanager\web\entity\order\ReadableOrderProductAttribute.java
C:\Users\Ibm\git\shopizer\shopizer\sm-shop\src\main\java\com\salesmanager\web\services\security\ServicesAuthenticationSuccessHandler.java
C:\Users\Ibm\git\shopizer\shopizer\sm-shop\src\main\java\com\salesmanager\web\populator\catalog\PersistableProductReviewPopulator.java
C:\Users\Ibm\git\shopizer\shopizer\sm-shop\src\main\java\com\salesmanager\web\populator\order\ReadableOrderProductDownloadPopulator.java
C:\Users\Ibm\git\shopizer\shopizer\sm-shop\src\main\java\com\salesmanager\web\shop\model\filter\QueryFilterType.java
C:\Users\Ibm\git\shopizer\shopizer\sm-shop\src\main\java\com\salesmanager\web\entity\catalog\product\attribute\ProductOptionValueEntity.java
C:\Users\Ibm\git\shopizer\shopizer\sm-shop\src\main\java\com\salesmanager\web\entity\customer\Customer.java
C:\Users\Ibm\git\shopizer\shopizer\sm-shop\src\main\java\com\salesmanager\web\utils\FieldMatchValidator.java
C:\Users\Ibm\git\shopizer\shopizer\sm-shop\src\main\java\com\salesmanager\web\shop\controller\LandingController.java
C:\Users\Ibm\git\shopizer\shopizer\sm-shop\src\main\java\com\salesmanager\web\admin\entity\catalog\Keyword.java
C:\Users\Ibm\git\shopizer\shopizer\sm-shop\src\main\java\com\salesmanager\web\entity\shoppingcart\ShoppingCartData.java
C:\Users\Ibm\git\shopizer\shopizer\sm-shop\src\main\java\com\salesmanager\web\shop\controller\order\ShoppingOrderPaymentController.java
C:\Users\Ibm\git\shopizer\shopizer\sm-shop\src\main\java\com\salesmanager\web\entity\shop\PageInformation.java
C:\Users\Ibm\git\shopizer\shopizer\sm-shop\src\main\java\com\salesmanager\web\admin\controller\shipping\ShippingOriginController.java
C:\Users\Ibm\git\shopizer\shopizer\sm-shop\src\main\java\com\salesmanager\web\admin\controller\products\DigitalProductController.java
C:\Users\Ibm\git\shopizer\shopizer\sm-shop\src\main\java\com\salesmanager\web\admin\entity\customer\attribute\CustomerOption.java
C:\Users\Ibm\git\shopizer\shopizer\sm-shop\src\main\java\com\salesmanager\web\shop\model\catalog\Attribute.java
C:\Users\Ibm\git\shopizer\shopizer\sm-shop\src\main\java\com\salesmanager\web\populator\manufacturer\ReadableManufacturerPopulator.java
C:\Users\Ibm\git\shopizer\shopizer\sm-shop\src\main\java\com\salesmanager\web\entity\order\ShopOrder.java
C:\Users\Ibm\git\shopizer\shopizer\sm-shop\src\main\java\com\salesmanager\web\populator\catalog\ReadableProductPricePopulator.java
C:\Users\Ibm\git\shopizer\shopizer\sm-shop\src\main\java\com\salesmanager\web\entity\order\PersistableOrderProduct.java
C:\Users\Ibm\git\shopizer\shopizer\sm-shop\src\main\java\com\salesmanager\web\entity\customer\attribute\CustomerOptionValueDescription.java
C:\Users\Ibm\git\shopizer\shopizer\sm-shop\src\main\java\com\salesmanager\web\admin\controller\content\StaticContentController.java
C:\Users\Ibm\git\shopizer\shopizer\sm-shop\src\main\java\com\salesmanager\web\admin\controller\categories\CategoryController.java
C:\Users\Ibm\git\shopizer\shopizer\sm-shop\src\main\java\com\salesmanager\web\admin\controller\user\SecurityController.java
C:\Users\Ibm\git\shopizer\shopizer\sm-shop\src\main\java\com\salesmanager\web\filter\StoreFilter.java
C:\Users\Ibm\git\shopizer\shopizer\sm-shop\src\main\java\com\salesmanager\web\admin\controller\merchant\StoreBrandingController.java
C:\Users\Ibm\git\shopizer\shopizer\sm-shop\src\main\java\com\salesmanager\web\entity\catalog\manufacturer\ReadableManufacturer.java
C:\Users\Ibm\git\shopizer\shopizer\sm-shop\src\main\java\com\salesmanager\web\populator\customer\PersistableCustomerBillingAddressPopulator.java
C:\Users\Ibm\git\shopizer\shopizer\sm-shop\src\main\java\com\salesmanager\web\utils\SessionUtil.java
C:\Users\Ibm\git\shopizer\shopizer\sm-shop\src\main\java\com\salesmanager\web\entity\catalog\category\Category.java
C:\Users\Ibm\git\shopizer\shopizer\sm-shop\src\main\java\com\salesmanager\web\populator\customer\CustomerPopulator.java
C:\Users\Ibm\git\shopizer\shopizer\sm-shop\src\main\java\com\salesmanager\web\admin\controller\merchant\StoreLandingController.java
C:\Users\Ibm\git\shopizer\shopizer\sm-shop\src\main\java\com\salesmanager\web\shop\controller\order\facade\OrderFacadeImpl.java
C:\Users\Ibm\git\shopizer\shopizer\sm-shop\src\main\java\com\salesmanager\web\init\data\InitStoreData.java
C:\Users\Ibm\git\shopizer\shopizer\sm-shop\src\main\java\com\salesmanager\web\admin\controller\customers\CustomerController.java
C:\Users\Ibm\git\shopizer\shopizer\sm-shop\src\main\java\com\salesmanager\web\shop\controller\category\facade\CategoryFacadeImpl.java
C:\Users\Ibm\git\shopizer\shopizer\sm-shop\src\main\java\com\salesmanager\web\entity\order\ReadableOrder.java
C:\Users\Ibm\git\shopizer\shopizer\sm-shop\src\main\java\com\salesmanager\web\entity\order\OrderTotal.java
C:\Users\Ibm\git\shopizer\shopizer\sm-shop\src\main\java\com\salesmanager\web\shop\controller\customer\facade\CustomerFacadeImpl.java
C:\Users\Ibm\git\shopizer\shopizer\sm-shop\src\main\java\com\salesmanager\web\entity\catalog\manufacturer\ManufacturerDescription.java
C:\Users\Ibm\git\shopizer\shopizer\sm-shop\src\main\java\com\salesmanager\web\shop\controller\shoppingCart\MiniCartController.java
C:\Users\Ibm\git\shopizer\shopizer\sm-shop\src\main\java\com\salesmanager\web\entity\catalog\product\attribute\PersistableProductOption.java
C:\Users\Ibm\git\shopizer\shopizer\sm-shop\src\main\java\com\salesmanager\web\shop\controller\shoppingCart\facade\ShoppingCartFacadeImpl.java
C:\Users\Ibm\git\shopizer\shopizer\sm-shop\src\main\java\com\salesmanager\web\admin\controller\customers\CustomerOptionsValueController.java
C:\Users\Ibm\git\shopizer\shopizer\sm-shop\src\main\java\com\salesmanager\web\populator\order\OrderProductPopulator.java
C:\Users\Ibm\git\shopizer\shopizer\sm-shop\src\main\java\com\salesmanager\web\entity\catalog\product\PersistableImage.java
C:\Users\Ibm\git\shopizer\shopizer\sm-shop\src\main\java\com\salesmanager\web\entity\catalog\product\ProductDescription.java
C:\Users\Ibm\git\shopizer\shopizer\sm-shop\src\main\java\com\salesmanager\web\admin\controller\products\ManufacturerController.java
C:\Users\Ibm\git\shopizer\shopizer\sm-shop\src\main\java\com\salesmanager\web\populator\catalog\PersistableProductPopulator.java
C:\Users\Ibm\git\shopizer\shopizer\sm-shop\src\main\java\com\salesmanager\web\admin\controller\products\ProductReviewController.java
C:\Users\Ibm\git\shopizer\shopizer\sm-shop\src\main\java\com\salesmanager\web\shop\controller\customer\CustomerOrdersController.java
C:\Users\Ibm\git\shopizer\shopizer\sm-shop\src\main\java\com\salesmanager\web\admin\entity\customer\attribute\CustomerAttributes.java
C:\Users\Ibm\git\shopizer\shopizer\sm-shop\src\main\java\com\salesmanager\web\entity\order\ReadableOrderTotal.java
C:\Users\Ibm\git\shopizer\shopizer\sm-shop\src\main\java\com\salesmanager\web\utils\EmailTemplatesUtils.java
C:\Users\Ibm\git\shopizer\shopizer\sm-shop\src\main\java\com\salesmanager\web\entity\customer\attribute\CustomerOptionValue.java
C:\Users\Ibm\git\shopizer\shopizer\sm-shop\src\main\java\com\salesmanager\web\entity\catalog\product\attribute\PersistableProductOptionValue.java
C:\Users\Ibm\git\shopizer\shopizer\sm-shop\src\main\java\com\salesmanager\web\tags\ContentImageUrlTag.java
C:\Users\Ibm\git\shopizer\shopizer\sm-shop\src\main\java\com\salesmanager\web\admin\controller\user\UserController.java
C:\Users\Ibm\git\shopizer\shopizer\sm-shop\src\main\java\com\salesmanager\web\entity\customer\attribute\PersistableCustomerAttribute.java
C:\Users\Ibm\git\shopizer\shopizer\sm-shop\src\main\java\com\salesmanager\web\populator\customer\CustomerDeliveryAddressPopulator.java
C:\Users\Ibm\git\shopizer\shopizer\sm-shop\src\main\java\com\salesmanager\web\admin\controller\products\ProductAttributeController.java
C:\Users\Ibm\git\shopizer\shopizer\sm-shop\src\main\java\com\salesmanager\web\entity\shop\BreadcrumbItem.java
C:\Users\Ibm\git\shopizer\shopizer\sm-shop\src\main\java\com\salesmanager\web\admin\entity\catalog\ProductPrice.java
C:\Users\Ibm\git\shopizer\shopizer\sm-shop\src\main\java\com\salesmanager\web\entity\customer\SecuredShopPersistableCustomer.java
C:\Users\Ibm\git\shopizer\shopizer\sm-shop\src\main\java\com\salesmanager\web\admin\entity\reference\Size.java
C:\Users\Ibm\git\shopizer\shopizer\sm-shop\src\main\java\com\salesmanager\web\entity\customer\attribute\CustomerOptionDescription.java
C:\Users\Ibm\git\shopizer\shopizer\sm-shop\src\main\java\com\salesmanager\web\tags\StoreFooterlTag.java
C:\Users\Ibm\git\shopizer\shopizer\sm-shop\src\main\java\com\salesmanager\web\services\controller\customer\CustomerRESTController.java
C:\Users\Ibm\git\shopizer\shopizer\sm-shop\src\main\java\com\salesmanager\web\admin\entity\content\ContentFiles.java
C:\Users\Ibm\git\shopizer\shopizer\sm-shop\src\main\java\com\salesmanager\web\admin\entity\catalog\Product.java
C:\Users\Ibm\git\shopizer\shopizer\sm-shop\src\main\java\com\salesmanager\web\admin\controller\payments\PaymentsController.java
C:\Users\Ibm\git\shopizer\shopizer\sm-shop\src\main\java\com\salesmanager\web\shop\controller\customer\CustomerProductReviewController.java
C:\Users\Ibm\git\shopizer\shopizer\sm-shop\src\main\java\com\salesmanager\web\constants\ApplicationConstants.java
C:\Users\Ibm\git\shopizer\shopizer\sm-shop\src\main\java\com\salesmanager\web\entity\catalog\product\ProductPriceEntity.java
C:\Users\Ibm\git\shopizer\shopizer\sm-shop\src\main\java\com\salesmanager\web\tags\PageContentTag.java
C:\Users\Ibm\git\shopizer\shopizer\sm-shop\src\main\java\com\salesmanager\web\entity\customer\attribute\CustomerOptionEntity.java
C:\Users\Ibm\git\shopizer\shopizer\sm-shop\src\main\java\com\salesmanager\web\shop\controller\shoppingCart\facade\ShoppingCartFacade.java
C:\Users\Ibm\git\shopizer\shopizer\sm-shop\src\main\java\com\salesmanager\web\entity\catalog\category\CategoryEntity.java
C:\Users\Ibm\git\shopizer\shopizer\sm-shop\src\main\java\com\salesmanager\web\populator\order\ReadableShopOrderPopulator.java
C:\Users\Ibm\git\shopizer\shopizer\sm-shop\src\main\java\com\salesmanager\web\utils\FilePathUtils.java
C:\Users\Ibm\git\shopizer\shopizer\sm-shop\src\main\java\com\salesmanager\web\entity\catalog\product\ReadableProductReview.java
C:\Users\Ibm\git\shopizer\shopizer\sm-shop\src\main\java\com\salesmanager\web\admin\controller\products\RelatedItemsController.java
C:\Users\Ibm\git\shopizer\shopizer\sm-shop\src\main\java\com\salesmanager\web\init\data\InitData.java
C:\Users\Ibm\git\shopizer\shopizer\sm-shop\src\main\java\com\salesmanager\web\admin\entity\merchant\StoreLanding.java
C:\Users\Ibm\git\shopizer\shopizer\sm-shop\src\main\java\com\salesmanager\web\shop\controller\shoppingCart\ShoppingCartController.java
C:\Users\Ibm\git\shopizer\shopizer\sm-shop\src\main\java\com\salesmanager\web\admin\controller\ControllerConstants.java
C:\Users\Ibm\git\shopizer\shopizer\sm-shop\src\main\java\com\salesmanager\web\admin\controller\tax\TaxClassController.java
C:\Users\Ibm\git\shopizer\shopizer\sm-shop\src\main\java\com\salesmanager\web\entity\customer\attribute\PersistableCustomerOption.java
C:\Users\Ibm\git\shopizer\shopizer\sm-shop\src\main\java\com\salesmanager\web\shop\model\search\AutoCompleteRequest.java
C:\Users\Ibm\git\shopizer\shopizer\sm-shop\src\main\java\com\salesmanager\web\admin\controller\configurations\ConfigurationController.java
C:\Users\Ibm\git\shopizer\shopizer\sm-shop\src\main\java\com\salesmanager\web\populator\catalog\PersistableProductOptionPopulator.java
C:\Users\Ibm\git\shopizer\shopizer\sm-shop\src\main\java\com\salesmanager\web\admin\security\SecurityDataAccessException.java
C:\Users\Ibm\git\shopizer\shopizer\sm-shop\src\main\java\com\salesmanager\web\admin\controller\shipping\ShippingConfigsController.java
C:\Users\Ibm\git\shopizer\shopizer\sm-shop\src\main\java\com\salesmanager\web\shop\controller\customer\CustomerRegistrationController.java
C:\Users\Ibm\git\shopizer\shopizer\sm-shop\src\main\java\com\salesmanager\web\services\controller\order\OrderRESTController.java
C:\Users\Ibm\git\shopizer\shopizer\sm-shop\src\main\java\com\salesmanager\web\admin\controller\shipping\ShippingMethodsController.java
C:\Users\Ibm\git\shopizer\shopizer\sm-shop\src\main\java\com\salesmanager\web\admin\security\SecurityQuestion.java
C:\Users\Ibm\git\shopizer\shopizer\sm-shop\src\main\java\com\salesmanager\web\shop\controller\customer\CustomerAccountController.java
C:\Users\Ibm\git\shopizer\shopizer\sm-shop\src\main\java\com\salesmanager\web\admin\controller\products\OptionsController.java
C:\Users\Ibm\git\shopizer\shopizer\sm-shop\src\main\java\com\salesmanager\web\entity\catalog\product\attribute\ProductOptionEntity.java
C:\Users\Ibm\git\shopizer\shopizer\sm-shop\src\main\java\com\salesmanager\web\entity\catalog\product\attribute\ProductOptionValueDescription.java
C:\Users\Ibm\git\shopizer\shopizer\sm-shop\src\main\java\com\salesmanager\web\tags\StoreBreadcrumbsTag.java
C:\Users\Ibm\git\shopizer\shopizer\sm-shop\src\main\java\com\salesmanager\web\entity\catalog\product\attribute\ReadableProductAttribute.java
C:\Users\Ibm\git\shopizer\shopizer\sm-shop\src\main\java\com\salesmanager\web\shop\model\catalog\AttributeValue.java
C:\Users\Ibm\git\shopizer\shopizer\sm-shop\src\main\java\com\salesmanager\web\utils\TokenizeTool.java
C:\Users\Ibm\git\shopizer\shopizer\sm-shop\src\main\java\com\salesmanager\web\entity\shoppingcart\ShoppingCartItem.java
C:\Users\Ibm\git\shopizer\shopizer\sm-shop\src\main\java\com\salesmanager\web\entity\catalog\product\ReadableProductList.java
C:\Users\Ibm\git\shopizer\shopizer\sm-shop\src\main\java\com\salesmanager\web\admin\security\WebUserServices.java
C:\Users\Ibm\git\shopizer\shopizer\sm-shop\src\main\java\com\salesmanager\web\admin\controller\content\ContentBoxesController.java
C:\Users\Ibm\git\shopizer\shopizer\sm-shop\src\main\java\com\salesmanager\web\populator\order\PersistableOrderPopulator.java
C:\Users\Ibm\git\shopizer\shopizer\sm-shop\src\main\java\com\salesmanager\web\admin\entity\orders\Order.java
C:\Users\Ibm\git\shopizer\shopizer\sm-shop\src\main\java\com\salesmanager\web\admin\controller\user\LoginController.java
C:\Users\Ibm\git\shopizer\shopizer\sm-shop\src\main\java\com\salesmanager\web\entity\order\OrderEntity.java
C:\Users\Ibm\git\shopizer\shopizer\sm-shop\src\main\java\com\salesmanager\web\admin\controller\shipping\ShippingOptionsController.java
C:\Users\Ibm\git\shopizer\shopizer\sm-shop\src\main\java\com\salesmanager\web\entity\shop\BreadcrumbItemType.java
C:\Users\Ibm\git\shopizer\shopizer\sm-shop\src\main\java\com\salesmanager\web\entity\customer\AnonymousCustomer.java
C:\Users\Ibm\git\shopizer\shopizer\sm-shop\src\main\java\com\salesmanager\web\entity\catalog\manufacturer\ManufacturerEntity.java
C:\Users\Ibm\git\shopizer\shopizer\sm-shop\src\main\java\com\salesmanager\web\populator\shoppingCart\ShoppingCartModelPopulator.java
C:\Users\Ibm\git\shopizer\shopizer\sm-shop\src\main\java\com\salesmanager\web\populator\customer\CustomerBillingAddressPopulator.java
C:\Users\Ibm\git\shopizer\shopizer\sm-shop\src\main\java\com\salesmanager\web\services\security\CustomerServicesImpl.java
C:\Users\Ibm\git\shopizer\shopizer\sm-shop\src\main\java\com\salesmanager\web\shop\controller\search\SearchController.java
C:\Users\Ibm\git\shopizer\shopizer\sm-shop\src\main\java\com\salesmanager\web\utils\PageBuilderUtils.java
C:\Users\Ibm\git\shopizer\shopizer\sm-shop\src\main\java\com\salesmanager\web\utils\FieldMatch.java
C:\Users\Ibm\git\shopizer\shopizer\sm-shop\src\main\java\com\salesmanager\web\populator\customer\PersistableCustomerShippingAddressPopulator.java
C:\Users\Ibm\git\shopizer\shopizer\sm-shop\src\main\java\com\salesmanager\web\populator\customer\CustomerEntityPopulator.java
C:\Users\Ibm\git\shopizer\shopizer\sm-shop\src\main\java\com\salesmanager\web\admin\controller\shipping\CustomShippingMethodsController.java
C:\Users\Ibm\git\shopizer\shopizer\sm-shop\src\main\java\com\salesmanager\web\entity\catalog\category\CategoryDescription.java
C:\Users\Ibm\git\shopizer\shopizer\sm-shop\src\main\java\com\salesmanager\web\entity\order\OrderProductEntity.java
C:\Users\Ibm\git\shopizer\shopizer\sm-shop\src\main\java\com\salesmanager\web\files\FilesController.java
C:\Users\Ibm\git\shopizer\shopizer\sm-shop\src\main\java\com\salesmanager\web\shop\controller\order\ShoppingOrderDownloadController.java
C:\Users\Ibm\git\shopizer\shopizer\sm-shop\src\main\java\com\salesmanager\web\populator\shoppingCart\ShoppingCartDataPopulator.java
C:\Users\Ibm\git\shopizer\shopizer\sm-shop\src\main\java\com\salesmanager\web\populator\order\PersistableOrderProductPopulator.java
C:\Users\Ibm\git\shopizer\shopizer\sm-shop\src\main\java\com\salesmanager\web\entity\shop\ContactForm.java
C:\Users\Ibm\git\shopizer\shopizer\sm-shop\src\main\java\com\salesmanager\web\shop\controller\ControllerConstants.java
C:\Users\Ibm\git\shopizer\shopizer\sm-shop\src\main\java\com\salesmanager\web\entity\catalog\product\Product.java
C:\Users\Ibm\git\shopizer\shopizer\sm-shop\src\main\java\com\salesmanager\web\utils\WebApplicationCacheUtils.java
C:\Users\Ibm\git\shopizer\shopizer\sm-shop\src\main\java\com\salesmanager\web\admin\entity\catalog\Manufacturer.java
C:\Users\Ibm\git\shopizer\shopizer\sm-shop\src\main\java\com\salesmanager\web\tags\ShopProductPriceFormatTag.java
C:\Users\Ibm\git\shopizer\shopizer\sm-shop\src\main\java\com\salesmanager\web\populator\catalog\ReadableProductReviewPopulator.java
C:\Users\Ibm\git\shopizer\shopizer\sm-shop\src\main\java\com\salesmanager\web\entity\catalog\product\PersistableProduct.java
C:\Users\Ibm\git\shopizer\shopizer\sm-shop\src\main\java\com\salesmanager\web\entity\catalog\product\ReadableProductPrice.java
C:\Users\Ibm\git\shopizer\shopizer\sm-shop\src\main\java\com\salesmanager\web\shop\controller\category\facade\CategoryFacade.java
C:\Users\Ibm\git\shopizer\shopizer\sm-shop\src\main\java\com\salesmanager\web\entity\order\ReadableOrderProductDownload.java
C:\Users\Ibm\git\shopizer\shopizer\sm-shop\src\main\java\com\salesmanager\web\shop\controller\product\facade\ProductFacade.java
C:\Users\Ibm\git\shopizer\shopizer\sm-shop\src\main\java\com\salesmanager\web\admin\entity\web\Menu.java
C:\Users\Ibm\git\shopizer\shopizer\sm-shop\src\main\java\com\salesmanager\web\tags\AdminProductDownloadUrlTag.java
C:\Users\Ibm\git\shopizer\shopizer\sm-shop\src\main\java\com\salesmanager\web\populator\catalog\ReadableFinalPricePopulator.java
C:\Users\Ibm\git\shopizer\shopizer\sm-shop\src\main\java\com\salesmanager\web\populator\catalog\ReadableCategoryPopulator.java
C:\Users\Ibm\git\shopizer\shopizer\sm-shop\src\main\java\com\salesmanager\web\utils\UserUtils.java
C:\Users\Ibm\git\shopizer\shopizer\sm-shop\src\main\java\com\salesmanager\web\shop\controller\content\ShopContentController.java
C:\Users\Ibm\git\shopizer\shopizer\sm-shop\src\main\java\com\salesmanager\web\admin\entity\secutity\Password.java
C:\Users\Ibm\git\shopizer\shopizer\sm-shop\src\main\java\com\salesmanager\web\tags\OrderProductDownloadUrlTag.java
C:\Users\Ibm\git\shopizer\shopizer\sm-shop\src\main\java\com\salesmanager\web\admin\controller\configurations\CacheController.java
C:\Users\Ibm\git\shopizer\shopizer\sm-shop\src\main\java\com\salesmanager\web\utils\GeoLocationUtils.java
C:\Users\Ibm\git\shopizer\shopizer\sm-shop\src\main\java\com\salesmanager\web\shop\controller\product\ShopProductController.java
C:\Users\Ibm\git\shopizer\shopizer\sm-shop\src\main\java\com\salesmanager\web\shop\controller\order\ShoppingOrderConfirmationController.java
C:\Users\Ibm\git\shopizer\shopizer\sm-shop\src\main\java\com\salesmanager\web\shop\controller\customer\facade\CustomerFacade.java
C:\Users\Ibm\git\shopizer\shopizer\sm-shop\src\main\java\com\salesmanager\web\utils\EmailUtils.java
C:\Users\Ibm\git\shopizer\shopizer\sm-shop\src\main\java\com\salesmanager\web\admin\controller\products\CustomProductGroupsController.java
C:\Users\Ibm\git\shopizer\shopizer\sm-shop\src\main\java\com\salesmanager\web\services\controller\product\ShopProductRESTController.java
C:\Users\Ibm\git\shopizer\shopizer\sm-shop\src\main\java\com\salesmanager\web\utils\LanguageUtils.java
C:\Users\Ibm\git\shopizer\shopizer\sm-shop\src\main\java\com\salesmanager\web\admin\entity\orders\Refund.java
C:\Users\Ibm\git\shopizer\shopizer\sm-shop\src\main\java\com\salesmanager\web\entity\catalog\product\attribute\ProductOptionValue.java
C:\Users\Ibm\git\shopizer\shopizer\sm-shop\src\main\java\com\salesmanager\web\populator\manufacturer\PersistableManufacturerPopulator.java
C:\Users\Ibm\git\shopizer\shopizer\sm-shop\src\main\java\com\salesmanager\web\populator\order\ReadableShippingSummaryPopulator.java
C:\Users\Ibm\git\shopizer\shopizer\sm-shop\src\main\java\com\salesmanager\web\admin\controller\products\ProductImagesController.java
C:\Users\Ibm\git\shopizer\shopizer\sm-shop\src\main\java\com\salesmanager\web\utils\ImageFilePathUtils.java
C:\Users\Ibm\git\shopizer\shopizer\sm-shop\src\main\java\com\salesmanager\web\entity\customer\ReadableCustomer.java
C:\Users\Ibm\git\shopizer\shopizer\sm-shop\src\main\java\com\salesmanager\web\populator\order\ReadableOrderPopulator.java
C:\Users\Ibm\git\shopizer\shopizer\sm-shop\src\main\java\com\salesmanager\web\constants\Constants.java
C:\Users\Ibm\git\shopizer\shopizer\sm-shop\src\main\java\com\salesmanager\web\init\data\InitializationLoader.java
C:\Users\Ibm\git\shopizer\shopizer\sm-shop\src\main\java\com\salesmanager\web\tags\ProductImageUrlTag.java
C:\Users\Ibm\git\shopizer\shopizer\sm-shop\src\main\java\com\salesmanager\web\entity\catalog\product\attribute\PersistableProductAttribute.java
C:\Users\Ibm\git\shopizer\shopizer\sm-shop\src\main\java\com\salesmanager\web\entity\customer\attribute\ReadableCustomerAttribute.java
C:\Users\Ibm\git\shopizer\shopizer\sm-shop\src\main\java\com\salesmanager\web\admin\controller\tax\TaxConfigurationController.java
C:\Users\Ibm\git\shopizer\shopizer\sm-shop\src\main\java\com\salesmanager\web\entity\catalog\CatalogEntity.java
C:\Users\Ibm\git\shopizer\shopizer\sm-shop\src\main\java\com\salesmanager\web\utils\LocaleUtils.java
C:\Users\Ibm\git\shopizer\shopizer\sm-shop\src\main\java\com\salesmanager\web\entity\customer\PersistableCustomer.java
C:\Users\Ibm\git\shopizer\shopizer\sm-shop\src\main\java\com\salesmanager\web\utils\LabelUtils.java
C:\Users\Ibm\git\shopizer\shopizer\sm-shop\src\main\java\com\salesmanager\web\admin\entity\reference\Weight.java
C:\Users\Ibm\git\shopizer\shopizer\sm-shop\src\main\java\com\salesmanager\web\entity\order\OrderProduct.java
C:\Users\Ibm\git\shopizer\shopizer\sm-shop\src\main\java\com\salesmanager\web\admin\controller\customers\CustomerOptionsSetController.java
C:\Users\Ibm\git\shopizer\shopizer\sm-shop\src\main\java\com\salesmanager\web\entity\catalog\product\RelatedProduct.java
C:\Users\Ibm\git\shopizer\shopizer\sm-shop\src\main\java\com\salesmanager\web\entity\customer\Address.java
C:\Users\Ibm\git\shopizer\shopizer\sm-shop\src\main\java\com\salesmanager\web\utils\AppConfiguration.java
C:\Users\Ibm\git\shopizer\shopizer\sm-shop\src\main\java\com\salesmanager\web\services\controller\store\StoreContactRESTController.java
C:\Users\Ibm\git\shopizer\shopizer\sm-shop\src\main\java\com\salesmanager\web\entity\customer\attribute\ReadableCustomerOptionValue.java
C:\Users\Ibm\git\shopizer\shopizer\sm-shop\src\main\java\com\salesmanager\web\utils\BreadcrumbsUtils.java
C:\Users\Ibm\git\shopizer\shopizer\sm-shop\src\main\java\com\salesmanager\web\populator\customer\PersistableCustomerPopulator.java
C:\Users\Ibm\git\shopizer\shopizer\sm-shop\src\main\java\com\salesmanager\web\entity\customer\attribute\CustomerAttributeEntity.java
C:\Users\Ibm\git\shopizer\shopizer\sm-shop\src\main\java\com\salesmanager\web\admin\controller\products\ProductKeywordsController.java
C:\Users\Ibm\git\shopizer\shopizer\sm-shop\src\main\java\com\salesmanager\web\admin\controller\tax\TaxRatesController.java
C:\Users\Ibm\git\shopizer\shopizer\sm-shop\src\main\java\com\salesmanager\web\admin\controller\shipping\ShippingPackagingController.java
C:\Users\Ibm\git\shopizer\shopizer\sm-shop\src\main\java\com\salesmanager\web\entity\order\CartModificationException.java
C:\Users\Ibm\git\shopizer\shopizer\sm-shop\src\main\java\com\salesmanager\web\entity\catalog\product\attribute\ProductOption.java
C:\Users\Ibm\git\shopizer\shopizer\sm-shop\src\main\java\com\salesmanager\web\entity\catalog\product\attribute\ProductAttribute.java
C:\Users\Ibm\git\shopizer\shopizer\sm-shop\src\main\java\com\salesmanager\web\entity\order\PersistableOrder.java
C:\Users\Ibm\git\shopizer\shopizer\sm-shop\src\main\java\com\salesmanager\web\admin\controller\content\ContentPagesController.java
C:\Users\Ibm\git\shopizer\shopizer\sm-shop\src\main\java\com\salesmanager\web\entity\customer\attribute\CustomerAttribute.java
C:\Users\Ibm\git\shopizer\shopizer\sm-shop\src\main\java\com\salesmanager\web\populator\customer\CustomerOptionPopulator.java
C:\Users\Ibm\git\shopizer\shopizer\sm-shop\src\main\java\com\salesmanager\web\tags\ProductDescriptionUrlTag.java
C:\Users\Ibm\git\shopizer\shopizer\sm-shop\src\main\java\com\salesmanager\web\admin\controller\orders\OrderActionsControler.java
C:\Users\Ibm\git\shopizer\shopizer\sm-shop\src\main\java\com\salesmanager\web\admin\entity\digital\ProductFiles.java
C:\Users\Ibm\git\shopizer\shopizer\sm-shop\src\main\java\com\salesmanager\web\populator\catalog\PersistableProductOptionValuePopulator.java
C:\Users\Ibm\git\shopizer\shopizer\sm-shop\src\main\java\com\salesmanager\web\entity\catalog\product\attribute\ProductOptionDescription.java
C:\Users\Ibm\git\shopizer\shopizer\sm-shop\src\main\java\com\salesmanager\web\admin\controller\orders\OrdersController.java
C:\Users\Ibm\git\shopizer\shopizer\sm-shop\src\main\java\com\salesmanager\web\populator\customer\PersistableCustomerOptionPopulator.java
C:\Users\Ibm\git\shopizer\shopizer\sm-shop\src\main\java\com\salesmanager\web\tags\ShopProductImageUrlTag.java
C:\Users\Ibm\git\shopizer\shopizer\sm-shop\src\main\java\com\salesmanager\web\admin\controller\products\ProductController.java
C:\Users\Ibm\git\shopizer\shopizer\sm-shop\src\main\java\com\salesmanager\web\services\security\ServicesAuthenticationEntryPoint.java
C:\Users\Ibm\git\shopizer\shopizer\sm-shop\src\main\java\com\salesmanager\web\tags\ManufacturerImageUrlTag.java
C:\Users\Ibm\git\shopizer\shopizer\sm-shop\src\main\java\com\salesmanager\web\entity\customer\attribute\ReadableCustomerOption.java
C:\Users\Ibm\git\shopizer\shopizer\sm-shop\src\main\java\com\salesmanager\web\reference\ReferenceController.java
C:\Users\Ibm\git\shopizer\shopizer\sm-shop\src\main\java\com\salesmanager\web\admin\entity\userpassword\UserReset.java
C:\Users\Ibm\git\shopizer\shopizer\sm-shop\src\main\java\com\salesmanager\web\admin\security\UserServicesImpl.java
C:\Users\Ibm\git\shopizer\shopizer\sm-shop\src\main\java\com\salesmanager\web\entity\ShopEntity.java
C:\Users\Ibm\git\shopizer\shopizer\sm-shop\src\main\java\com\salesmanager\web\shop\controller\category\ShoppingCategoryController.java
C:\Users\Ibm\git\shopizer\shopizer\sm-shop\src\main\java\com\salesmanager\web\entity\order\Order.java
C:\Users\Ibm\git\shopizer\shopizer\sm-shop\src\main\java\com\salesmanager\web\entity\order\ReadableOrderProduct.java
C:\Users\Ibm\git\shopizer\shopizer\sm-shop\src\main\java\com\salesmanager\web\populator\order\ShoppingCartItemPopulator.java
C:\Users\Ibm\git\shopizer\shopizer\sm-shop\src\main\java\com\salesmanager\web\entity\catalog\ProductList.java
C:\Users\Ibm\git\shopizer\shopizer\sm-shop\src\main\java\com\salesmanager\web\entity\Entity.java
C:\Users\Ibm\git\shopizer\shopizer\sm-shop\src\main\java\com\salesmanager\web\entity\catalog\category\ReadableCategory.java
C:\Users\Ibm\git\shopizer\shopizer\sm-shop\src\main\java\com\salesmanager\web\shop\controller\order\ShoppingOrderController.java
C:\Users\Ibm\git\shopizer\shopizer\sm-shop\src\main\java\com\salesmanager\web\admin\controller\user\GroupsController.java
C:\Users\Ibm\git\shopizer\shopizer\sm-shop\src\main\java\com\salesmanager\web\admin\controller\content\ContentImageController.java
C:\Users\Ibm\git\shopizer\shopizer\sm-shop\src\main\java\com\salesmanager\web\shop\model\filter\QueryFilter.java
C:\Users\Ibm\git\shopizer\shopizer\sm-shop\src\main\java\com\salesmanager\web\shop\model\paging\PaginationData.java
